[ERROR](2023-02-01 01:07:23) /Users/egorkozelskij/GolandProjects/Portfolio_Nodes/main.go:18 Test Log 4
[ERROR](2023-02-01 03:12:29) /Users/egorkozelskij/GolandProjects/pkg/mod/github.com/toorop/gin-logrus@v0.0.0-20210225092905-2c785434f26f/logger.go:76 127.0.0.1 - 192-168-0-103.local [01/Feb/2023:03:12:29 +0300] "GET /tasks/" 500 0 "http://127.0.0.1:8085/tasks" "PostmanRuntime/7.29.2" (14ms)
[ERROR](2023-02-01 03:22:12) /Users/egorkozelskij/GolandProjects/Portfolio_Nodes/delivery/rest_delivery/tasks_delivery.go:26 ERROR: column tasks.deleted_at does not exist (SQLSTATE 42703)
[ERROR](2023-02-01 03:22:12) /Users/egorkozelskij/GolandProjects/pkg/mod/github.com/toorop/gin-logrus@v0.0.0-20210225092905-2c785434f26f/logger.go:76 127.0.0.1 - 192-168-0-103.local [01/Feb/2023:03:22:12 +0300] "GET /tasks/" 500 40 "http://127.0.0.1:8085/tasks" "PostmanRuntime/7.29.2" (22ms)
[ERROR](2023-02-01 03:48:08) /Users/egorkozelskij/GolandProjects/pkg/mod/github.com/toorop/gin-logrus@v0.0.0-20210225092905-2c785434f26f/logger.go:76 127.0.0.1 - 192-168-0-103.local [01/Feb/2023:03:48:08 +0300] "POST /tasks/create" 500 44 "" "PostmanRuntime/7.29.2" (2ms)
[ERROR](2023-02-01 03:48:27) /Users/egorkozelskij/GolandProjects/Portfolio_Nodes/delivery/rest_delivery/tasks_delivery.go:43 Key: 'CreateTaskForm.Priority' Error:Field validation for 'Priority' failed on the 'required' tag
[ERROR](2023-02-01 03:48:27) /Users/egorkozelskij/GolandProjects/pkg/mod/github.com/toorop/gin-logrus@v0.0.0-20210225092905-2c785434f26f/logger.go:76 127.0.0.1 - 192-168-0-103.local [01/Feb/2023:03:48:27 +0300] "POST /tasks/create" 500 44 "" "PostmanRuntime/7.29.2" (2ms)
[ERROR](2023-02-01 03:49:06) /Users/egorkozelskij/GolandProjects/pkg/mod/github.com/toorop/gin-logrus@v0.0.0-20210225092905-2c785434f26f/logger.go:76 127.0.0.1 - 192-168-0-103.local [01/Feb/2023:03:49:06 +0300] "POST /tasks/create" 500 154 "" "PostmanRuntime/7.29.2" (3ms)
[ERROR](2023-02-01 03:49:23) /Users/egorkozelskij/GolandProjects/pkg/mod/github.com/toorop/gin-logrus@v0.0.0-20210225092905-2c785434f26f/logger.go:76 127.0.0.1 - 192-168-0-103.local [01/Feb/2023:03:49:23 +0300] "POST /tasks/create" 500 97 "" "PostmanRuntime/7.29.2" (3ms)
[ERROR](2023-02-01 03:51:16) /Users/egorkozelskij/GolandProjects/pkg/mod/github.com/toorop/gin-logrus@v0.0.0-20210225092905-2c785434f26f/logger.go:76 127.0.0.1 - 192-168-0-103.local [01/Feb/2023:03:51:16 +0300] "POST /tasks/create" 500 132 "" "PostmanRuntime/7.29.2" (5ms)
[ERROR](2023-02-01 03:52:15) /Users/egorkozelskij/GolandProjects/pkg/mod/github.com/toorop/gin-logrus@v0.0.0-20210225092905-2c785434f26f/logger.go:76 127.0.0.1 - 192-168-0-103.local [01/Feb/2023:03:52:15 +0300] "POST /tasks/create" 500 117 "" "PostmanRuntime/7.29.2" (4ms)
[ERROR](2023-02-01 13:43:50) /Users/egorkozelskij/GolandProjects/pkg/mod/github.com/toorop/gin-logrus@v0.0.0-20210225092905-2c785434f26f/logger.go:72 Error #01: test error 1
Error #02: test error 2

[ERROR](2023-02-01 14:19:03) /Users/egorkozelskij/GolandProjects/Portfolio_Nodes/delivery/rest_delivery/general.go:85 sql error
[ERROR](2023-02-01 14:19:03) /Users/egorkozelskij/GolandProjects/pkg/mod/github.com/toorop/gin-logrus@v0.0.0-20210225092905-2c785434f26f/logger.go:72 Error #01: sql error

[ERROR](2023-02-01 14:19:23) /Users/egorkozelskij/GolandProjects/Portfolio_Nodes/delivery/rest_delivery/general.go:85 sql error
[ERROR](2023-02-01 14:19:23) /Users/egorkozelskij/GolandProjects/pkg/mod/github.com/toorop/gin-logrus@v0.0.0-20210225092905-2c785434f26f/logger.go:72 Error #01: sql error

[ERROR](2023-02-01 14:20:14) /Users/egorkozelskij/GolandProjects/Portfolio_Nodes/delivery/rest_delivery/general.go:85 sql error
[ERROR](2023-02-01 14:20:25) /Users/egorkozelskij/GolandProjects/Portfolio_Nodes/delivery/rest_delivery/general.go:85 sql error
[ERROR](2023-02-01 14:20:25) /Users/egorkozelskij/GolandProjects/pkg/mod/github.com/toorop/gin-logrus@v0.0.0-20210225092905-2c785434f26f/logger.go:72 Error #01: sql error

[ERROR](2023-02-01 14:21:01) /Users/egorkozelskij/GolandProjects/Portfolio_Nodes/delivery/rest_delivery/general.go:89 sql error
[ERROR](2023-02-01 14:21:01) /Users/egorkozelskij/GolandProjects/pkg/mod/github.com/toorop/gin-logrus@v0.0.0-20210225092905-2c785434f26f/logger.go:72 Error #01: sql error

[ERROR](2023-02-01 14:21:02) /Users/egorkozelskij/GolandProjects/Portfolio_Nodes/delivery/rest_delivery/general.go:89 sql error
[ERROR](2023-02-01 14:21:02) /Users/egorkozelskij/GolandProjects/pkg/mod/github.com/toorop/gin-logrus@v0.0.0-20210225092905-2c785434f26f/logger.go:72 Error #01: sql error

[ERROR](2023-02-01 14:21:03) /Users/egorkozelskij/GolandProjects/Portfolio_Nodes/delivery/rest_delivery/general.go:89 sql error
[ERROR](2023-02-01 14:21:03) /Users/egorkozelskij/GolandProjects/pkg/mod/github.com/toorop/gin-logrus@v0.0.0-20210225092905-2c785434f26f/logger.go:72 Error #01: sql error

[ERROR](2023-02-01 14:21:03) /Users/egorkozelskij/GolandProjects/Portfolio_Nodes/delivery/rest_delivery/general.go:89 sql error
[ERROR](2023-02-01 14:21:03) /Users/egorkozelskij/GolandProjects/pkg/mod/github.com/toorop/gin-logrus@v0.0.0-20210225092905-2c785434f26f/logger.go:72 Error #01: sql error

[ERROR](2023-02-01 14:21:33) /Users/egorkozelskij/GolandProjects/Portfolio_Nodes/delivery/rest_delivery/general.go:89 sql error
[ERROR](2023-02-01 14:21:33) /Users/egorkozelskij/GolandProjects/pkg/mod/github.com/toorop/gin-logrus@v0.0.0-20210225092905-2c785434f26f/logger.go:72 Error #01: sql error

[ERROR](2023-02-01 14:22:33) /Users/egorkozelskij/GolandProjects/Portfolio_Nodes/delivery/rest_delivery/general.go:86 sql error
[ERROR](2023-02-01 14:22:33) /Users/egorkozelskij/GolandProjects/pkg/mod/github.com/toorop/gin-logrus@v0.0.0-20210225092905-2c785434f26f/logger.go:72 Error #01: sql error

[ERROR](2023-02-01 14:31:06) /Users/egorkozelskij/GolandProjects/pkg/mod/github.com/toorop/gin-logrus@v0.0.0-20210225092905-2c785434f26f/logger.go:72 Error #01: Key: 'CreateTaskForm.Priority' Error:Field validation for 'Priority' failed on the 'required' tag

[ERROR](2023-02-01 14:33:28) /Users/egorkozelskij/GolandProjects/pkg/mod/github.com/toorop/gin-logrus@v0.0.0-20210225092905-2c785434f26f/logger.go:72 Error #01: Key: 'CreateTaskForm.Priority' Error:Field validation for 'Priority' failed on the 'required' tag

[ERROR](2023-02-01 16:14:20) /Users/egorkozelskij/GolandProjects/Portfolio_Nodes/delivery/cli_delivery/pingPong_delivery.go:19 Not PING!!!!
[ERROR](2023-02-01 16:14:42) /Users/egorkozelskij/GolandProjects/Portfolio_Nodes/delivery/cli_delivery/pingPong_delivery.go:19 Not PING!!!!
[ERROR](2023-02-01 18:20:38) /home/bob/go/pkg/mod/github.com/toorop/gin-logrus@v0.0.0-20210225092905-2c785434f26f/logger.go:76 127.0.0.1 - bob-20n4000brt [01/Feb/2023:18:20:38 +0300] "POST /winner/get" 500 0 "" "Mozilla/5.0 (X11; Linux x86_64) AppleWebKit/537.36 (KHTML, like Gecko) Chrome/109.0.0.0 Safari/537.36" (2ms)
[ERROR](2023-02-01 18:20:40) /home/bob/go/pkg/mod/github.com/toorop/gin-logrus@v0.0.0-20210225092905-2c785434f26f/logger.go:76 127.0.0.1 - bob-20n4000brt [01/Feb/2023:18:20:40 +0300] "POST /winner/get" 500 0 "" "Mozilla/5.0 (X11; Linux x86_64) AppleWebKit/537.36 (KHTML, like Gecko) Chrome/109.0.0.0 Safari/537.36" (3ms)
[ERROR](2023-02-01 18:22:53) /home/bob/go/pkg/mod/github.com/toorop/gin-logrus@v0.0.0-20210225092905-2c785434f26f/logger.go:76 127.0.0.1 - bob-20n4000brt [01/Feb/2023:18:22:53 +0300] "POST /winner/get" 500 0 "" "Mozilla/5.0 (X11; Linux x86_64) AppleWebKit/537.36 (KHTML, like Gecko) Chrome/109.0.0.0 Safari/537.36" (3ms)
[ERROR](2023-02-03 17:19:48) /home/dmitriy/go/pkg/mod/github.com/toorop/gin-logrus@v0.0.0-20210225092905-2c785434f26f/logger.go:72 Error #01: EOF
Error #02: record not found

[ERROR](2023-02-03 18:02:09) /home/dmitriy/go/pkg/mod/github.com/toorop/gin-logrus@v0.0.0-20210225092905-2c785434f26f/logger.go:72 Error #01: Key: 'TaskForms.Dune' Error:Field validation for 'Dune' failed on the 'required' tag
Error #02: ОШИБКА: отношение "task_forms" не существует (SQLSTATE 42P01)

[ERROR](2023-02-03 18:14:39) /home/dmitriy/go/pkg/mod/github.com/toorop/gin-logrus@v0.0.0-20210225092905-2c785434f26f/logger.go:72 Error #01: Key: 'TaskForms.Dune' Error:Field validation for 'Dune' failed on the 'required' tag

[ERROR](2023-02-03 18:16:28) /home/dmitriy/go/pkg/mod/github.com/toorop/gin-logrus@v0.0.0-20210225092905-2c785434f26f/logger.go:72 Error #01: Key: 'TaskForms.Dune' Error:Field validation for 'Dune' failed on the 'required' tag

[ERROR](2023-02-03 18:20:26) /home/dmitriy/go/pkg/mod/github.com/toorop/gin-logrus@v0.0.0-20210225092905-2c785434f26f/logger.go:72 Error #01: Key: 'TaskForms.Dune' Error:Field validation for 'Dune' failed on the 'required' tag

[ERROR](2023-02-03 18:22:23) /home/dmitriy/go/pkg/mod/github.com/toorop/gin-logrus@v0.0.0-20210225092905-2c785434f26f/logger.go:72 Error #01: Key: 'TaskForms.Dune' Error:Field validation for 'Dune' failed on the 'required' tag

[ERROR](2023-02-03 18:22:55) /home/dmitriy/go/pkg/mod/github.com/toorop/gin-logrus@v0.0.0-20210225092905-2c785434f26f/logger.go:72 Error #01: Key: 'TaskForms.Dune' Error:Field validation for 'Dune' failed on the 'required' tag

[ERROR](2023-02-03 20:01:44) /home/dmitriy/Документы/Документы/PortfolioToDO/delivery/rest_delivery/general.go:86 ОШИБКА: столбец "Id" не существует (SQLSTATE 42703)
[ERROR](2023-02-03 20:01:44) /home/dmitriy/go/pkg/mod/github.com/toorop/gin-logrus@v0.0.0-20210225092905-2c785434f26f/logger.go:72 Error #01: ОШИБКА: столбец "Id" не существует (SQLSTATE 42703)

[ERROR](2023-02-04 18:15:35) /home/dmitriy/Документы/Документы/PortfolioToDO/delivery/rest_delivery/general.go:86 ОШИБКА: столбец "dune" не существует (SQLSTATE 42703)
[ERROR](2023-02-04 18:15:35) /home/dmitriy/go/pkg/mod/github.com/toorop/gin-logrus@v0.0.0-20210225092905-2c785434f26f/logger.go:72 Error #01: ОШИБКА: столбец "dune" не существует (SQLSTATE 42703)

[ERROR](2023-02-06 16:30:47) /home/dmitriy/Документы/Документы/PortfolioToDO/delivery/rest_delivery/general.go:86 pq: повторяющееся значение ключа нарушает ограничение уникальности "tasks_pkey"
[ERROR](2023-02-06 16:30:47) /home/dmitriy/go/pkg/mod/github.com/toorop/gin-logrus@v0.0.0-20210225092905-2c785434f26f/logger.go:72 Error #01: pq: повторяющееся значение ключа нарушает ограничение уникальности "tasks_pkey"

[ERROR](2023-02-14 14:30:55) /home/dmitriy/Документы/Документы/PortfolioToDO/delivery/rest_delivery/general.go:86 pq: столбец "token" не существует
[ERROR](2023-02-14 14:30:55) /home/dmitriy/go/pkg/mod/github.com/toorop/gin-logrus@v0.0.0-20210225092905-2c785434f26f/logger.go:72 Error #01: pq: столбец "token" не существует

[ERROR](2023-02-14 14:33:35) /home/dmitriy/Документы/Документы/PortfolioToDO/delivery/rest_delivery/general.go:86 pq: столбец "token" не существует
[ERROR](2023-02-14 14:34:38) /home/dmitriy/Документы/Документы/PortfolioToDO/delivery/rest_delivery/general.go:86 pq: столбец "token" не существует
[ERROR](2023-02-14 14:34:38) /home/dmitriy/go/pkg/mod/github.com/toorop/gin-logrus@v0.0.0-20210225092905-2c785434f26f/logger.go:72 Error #01: pq: столбец "token" не существует

[ERROR](2023-02-14 14:36:09) /home/dmitriy/Документы/Документы/PortfolioToDO/delivery/rest_delivery/general.go:86 pq: столбец "token" не существует
[ERROR](2023-02-14 14:36:14) /home/dmitriy/go/pkg/mod/github.com/toorop/gin-logrus@v0.0.0-20210225092905-2c785434f26f/logger.go:72 Error #01: pq: столбец "token" не существует

[ERROR](2023-02-14 14:44:14) /home/dmitriy/Документы/Документы/PortfolioToDO/delivery/rest_delivery/general.go:86 pq: столбец "token" не существует
[ERROR](2023-02-14 14:46:38) /home/dmitriy/Документы/Документы/PortfolioToDO/delivery/rest_delivery/general.go:86 pq: столбец "token" не существует
[ERROR](2023-02-14 14:46:43) /home/dmitriy/Документы/Документы/PortfolioToDO/delivery/rest_delivery/general.go:86 already exist
[ERROR](2023-02-14 14:46:43) /home/dmitriy/go/pkg/mod/github.com/toorop/gin-logrus@v0.0.0-20210225092905-2c785434f26f/logger.go:72 Error #01: already exist

[ERROR](2023-02-14 14:47:09) /home/dmitriy/Документы/Документы/PortfolioToDO/delivery/rest_delivery/general.go:86 already exist
[ERROR](2023-02-14 14:47:09) /home/dmitriy/go/pkg/mod/github.com/toorop/gin-logrus@v0.0.0-20210225092905-2c785434f26f/logger.go:72 Error #01: already exist

[ERROR](2023-02-14 14:47:56) /home/dmitriy/Документы/Документы/PortfolioToDO/delivery/rest_delivery/general.go:86 already exist
[ERROR](2023-02-14 14:47:56) /home/dmitriy/go/pkg/mod/github.com/toorop/gin-logrus@v0.0.0-20210225092905-2c785434f26f/logger.go:72 Error #01: already exist

[ERROR](2023-02-14 14:51:03) /home/dmitriy/Документы/Документы/PortfolioToDO/delivery/rest_delivery/general.go:86 already exist
[ERROR](2023-02-14 14:51:03) /home/dmitriy/go/pkg/mod/github.com/toorop/gin-logrus@v0.0.0-20210225092905-2c785434f26f/logger.go:72 Error #01: already exist

[ERROR](2023-02-14 14:51:42) /home/dmitriy/Документы/Документы/PortfolioToDO/delivery/rest_delivery/general.go:86 already exist
[ERROR](2023-02-14 14:51:42) /home/dmitriy/go/pkg/mod/github.com/toorop/gin-logrus@v0.0.0-20210225092905-2c785434f26f/logger.go:72 Error #01: already exist

[ERROR](2023-02-14 14:52:15) /home/dmitriy/Документы/Документы/PortfolioToDO/delivery/rest_delivery/general.go:86 already exist
[ERROR](2023-02-14 14:52:39) /home/dmitriy/Документы/Документы/PortfolioToDO/delivery/rest_delivery/general.go:86 already exist
[ERROR](2023-02-14 14:52:39) /home/dmitriy/go/pkg/mod/github.com/toorop/gin-logrus@v0.0.0-20210225092905-2c785434f26f/logger.go:72 Error #01: already exist

[ERROR](2023-02-14 14:55:34) /home/dmitriy/Документы/Документы/PortfolioToDO/delivery/rest_delivery/general.go:86 sql: Scan called without calling Next
[ERROR](2023-02-14 14:55:34) /home/dmitriy/go/pkg/mod/github.com/toorop/gin-logrus@v0.0.0-20210225092905-2c785434f26f/logger.go:72 Error #01: sql: Scan called without calling Next

[ERROR](2023-02-14 14:55:36) /home/dmitriy/Документы/Документы/PortfolioToDO/delivery/rest_delivery/general.go:86 sql: no rows in result set
[ERROR](2023-02-14 14:55:36) /home/dmitriy/go/pkg/mod/github.com/toorop/gin-logrus@v0.0.0-20210225092905-2c785434f26f/logger.go:72 Error #01: sql: no rows in result set

[ERROR](2023-02-14 14:55:42) /home/dmitriy/Документы/Документы/PortfolioToDO/delivery/rest_delivery/general.go:86 sql: no rows in result set
[ERROR](2023-02-14 14:55:42) /home/dmitriy/go/pkg/mod/github.com/toorop/gin-logrus@v0.0.0-20210225092905-2c785434f26f/logger.go:72 Error #01: sql: no rows in result set

[ERROR](2023-02-14 14:55:48) /home/dmitriy/Документы/Документы/PortfolioToDO/delivery/rest_delivery/general.go:86 sql: no rows in result set
[ERROR](2023-02-14 14:55:48) /home/dmitriy/go/pkg/mod/github.com/toorop/gin-logrus@v0.0.0-20210225092905-2c785434f26f/logger.go:72 Error #01: sql: no rows in result set

[ERROR](2023-02-14 14:56:09) /home/dmitriy/Документы/Документы/PortfolioToDO/delivery/rest_delivery/general.go:86 sql: no rows in result set
[ERROR](2023-02-14 14:56:09) /home/dmitriy/go/pkg/mod/github.com/toorop/gin-logrus@v0.0.0-20210225092905-2c785434f26f/logger.go:72 Error #01: sql: no rows in result set

[ERROR](2023-02-14 14:56:12) /home/dmitriy/Документы/Документы/PortfolioToDO/delivery/rest_delivery/general.go:86 pq: столбец "token" в таблице "users" не существует
[ERROR](2023-02-14 14:56:12) /home/dmitriy/go/pkg/mod/github.com/toorop/gin-logrus@v0.0.0-20210225092905-2c785434f26f/logger.go:72 Error #01: pq: столбец "token" в таблице "users" не существует

[ERROR](2023-02-14 14:56:14) /home/dmitriy/Документы/Документы/PortfolioToDO/delivery/rest_delivery/general.go:86 pq: столбец "token" в таблице "users" не существует
[ERROR](2023-02-14 14:56:14) /home/dmitriy/go/pkg/mod/github.com/toorop/gin-logrus@v0.0.0-20210225092905-2c785434f26f/logger.go:72 Error #01: pq: столбец "token" в таблице "users" не существует

[ERROR](2023-02-14 17:49:47) /home/dmitriy/Документы/Документы/PortfolioToDO/delivery/rest_delivery/general.go:86 pq: столбец "token" в таблице "users" не существует
[ERROR](2023-02-14 17:49:47) /home/dmitriy/go/pkg/mod/github.com/toorop/gin-logrus@v0.0.0-20210225092905-2c785434f26f/logger.go:72 Error #01: pq: столбец "token" в таблице "users" не существует

[ERROR](2023-02-14 17:52:05) /home/dmitriy/Документы/Документы/PortfolioToDO/delivery/rest_delivery/general.go:86 pq: столбец "token" в таблице "users" не существует
[ERROR](2023-02-14 17:52:05) /home/dmitriy/go/pkg/mod/github.com/toorop/gin-logrus@v0.0.0-20210225092905-2c785434f26f/logger.go:72 Error #01: pq: столбец "token" в таблице "users" не существует

[ERROR](2023-02-14 17:53:29) /home/dmitriy/Документы/Документы/PortfolioToDO/delivery/rest_delivery/general.go:86 pq: столбец "token" в таблице "users" не существует
[ERROR](2023-02-14 17:53:29) /home/dmitriy/go/pkg/mod/github.com/toorop/gin-logrus@v0.0.0-20210225092905-2c785434f26f/logger.go:72 Error #01: pq: столбец "token" в таблице "users" не существует

[ERROR](2023-02-14 18:02:51) /home/dmitriy/Документы/Документы/PortfolioToDO/delivery/rest_delivery/general.go:86 pq: отношение "users" не существует
[ERROR](2023-02-14 18:02:51) /home/dmitriy/go/pkg/mod/github.com/toorop/gin-logrus@v0.0.0-20210225092905-2c785434f26f/logger.go:72 Error #01: pq: отношение "users" не существует

[ERROR](2023-02-14 18:03:52) /home/dmitriy/Документы/Документы/PortfolioToDO/delivery/rest_delivery/general.go:86 pq: отношение "users" не существует
[ERROR](2023-02-14 18:03:52) /home/dmitriy/go/pkg/mod/github.com/toorop/gin-logrus@v0.0.0-20210225092905-2c785434f26f/logger.go:72 Error #01: pq: отношение "users" не существует

[ERROR](2023-02-14 18:04:41) /home/dmitriy/Документы/Документы/PortfolioToDO/delivery/rest_delivery/general.go:86 pq: отношение "users" не существует
[ERROR](2023-02-14 18:04:41) /home/dmitriy/go/pkg/mod/github.com/toorop/gin-logrus@v0.0.0-20210225092905-2c785434f26f/logger.go:72 Error #01: pq: отношение "users" не существует

[ERROR](2023-02-14 18:05:13) /home/dmitriy/Документы/Документы/PortfolioToDO/delivery/rest_delivery/general.go:86 pq: отношение "users" не существует
[ERROR](2023-02-14 18:05:13) /home/dmitriy/go/pkg/mod/github.com/toorop/gin-logrus@v0.0.0-20210225092905-2c785434f26f/logger.go:72 Error #01: pq: отношение "users" не существует

[ERROR](2023-02-14 18:05:30) /home/dmitriy/Документы/Документы/PortfolioToDO/delivery/rest_delivery/general.go:86 pq: отношение "users" не существует
[ERROR](2023-02-14 18:05:30) /home/dmitriy/go/pkg/mod/github.com/toorop/gin-logrus@v0.0.0-20210225092905-2c785434f26f/logger.go:72 Error #01: pq: отношение "users" не существует

[ERROR](2023-02-17 15:02:44) /home/dmitriy/go/pkg/mod/github.com/toorop/gin-logrus@v0.0.0-20210225092905-2c785434f26f/logger.go:72 Error #01: invalid character '{' looking for beginning of object key string

[ERROR](2023-02-17 16:04:21) /home/dmitriy/Документы/Документы/PortfolioToDO/delivery/rest_delivery/general.go:86 not true password
[ERROR](2023-02-17 16:04:21) /home/dmitriy/go/pkg/mod/github.com/toorop/gin-logrus@v0.0.0-20210225092905-2c785434f26f/logger.go:72 Error #01: not true password

[ERROR](2023-02-17 16:16:36) /home/dmitriy/Документы/Документы/PortfolioToDO/delivery/rest_delivery/general.go:86 not true password
[ERROR](2023-02-17 16:16:36) /home/dmitriy/go/pkg/mod/github.com/toorop/gin-logrus@v0.0.0-20210225092905-2c785434f26f/logger.go:72 Error #01: not true password

[ERROR](2023-02-25 19:19:52) /home/dmitriy/Документы/Документы/PortfolioToDO/delivery/rest_delivery/general.go:86 pq: отношение "users" не существует
[ERROR](2023-02-25 19:19:52) /home/dmitriy/go/pkg/mod/github.com/toorop/gin-logrus@v0.0.0-20210225092905-2c785434f26f/logger.go:72 Error #01: pq: отношение "users" не существует

[ERROR](2023-02-25 19:21:41) /home/dmitriy/Документы/Документы/PortfolioToDO/delivery/rest_delivery/general.go:86 pq: отношение "users" не существует
[ERROR](2023-02-25 19:21:41) /home/dmitriy/go/pkg/mod/github.com/toorop/gin-logrus@v0.0.0-20210225092905-2c785434f26f/logger.go:72 Error #01: pq: отношение "users" не существует

[ERROR](2023-02-25 19:22:06) /home/dmitriy/Документы/Документы/PortfolioToDO/delivery/rest_delivery/general.go:86 pq: отношение "users" не существует
[ERROR](2023-02-25 19:22:06) /home/dmitriy/go/pkg/mod/github.com/toorop/gin-logrus@v0.0.0-20210225092905-2c785434f26f/logger.go:72 Error #01: pq: отношение "users" не существует

[ERROR](2023-02-25 19:22:46) /home/dmitriy/Документы/Документы/PortfolioToDO/delivery/rest_delivery/general.go:86 pq: INSERT содержит больше выражений, чем целевых столбцов
[ERROR](2023-02-25 19:22:46) /home/dmitriy/go/pkg/mod/github.com/toorop/gin-logrus@v0.0.0-20210225092905-2c785434f26f/logger.go:72 Error #01: pq: INSERT содержит больше выражений, чем целевых столбцов

[ERROR](2023-02-25 19:24:03) /home/dmitriy/Документы/Документы/PortfolioToDO/delivery/rest_delivery/general.go:86 pq: столбец "expired_at" в таблице "users" не существует
[ERROR](2023-02-25 19:24:03) /home/dmitriy/go/pkg/mod/github.com/toorop/gin-logrus@v0.0.0-20210225092905-2c785434f26f/logger.go:72 Error #01: pq: столбец "expired_at" в таблице "users" не существует

[ERROR](2023-02-25 19:24:34) /home/dmitriy/Документы/Документы/PortfolioToDO/delivery/rest_delivery/general.go:86 pq: столбец "expired_at" в таблице "users" не существует
[ERROR](2023-02-25 19:24:34) /home/dmitriy/go/pkg/mod/github.com/toorop/gin-logrus@v0.0.0-20210225092905-2c785434f26f/logger.go:72 Error #01: pq: столбец "expired_at" в таблице "users" не существует

[ERROR](2023-02-25 19:25:09) /home/dmitriy/Документы/Документы/PortfolioToDO/delivery/rest_delivery/general.go:86 pq: столбец "expired_at" в таблице "users" не существует
[ERROR](2023-02-25 19:25:09) /home/dmitriy/go/pkg/mod/github.com/toorop/gin-logrus@v0.0.0-20210225092905-2c785434f26f/logger.go:72 Error #01: pq: столбец "expired_at" в таблице "users" не существует

[ERROR](2023-02-25 19:26:17) /home/dmitriy/Документы/Документы/PortfolioToDO/delivery/rest_delivery/general.go:86 token is not valable
[ERROR](2023-02-25 19:26:17) /home/dmitriy/go/pkg/mod/github.com/toorop/gin-logrus@v0.0.0-20210225092905-2c785434f26f/logger.go:72 Error #01: token is not valable

[ERROR](2023-02-25 19:31:54) /home/dmitriy/Документы/Документы/PortfolioToDO/delivery/rest_delivery/general.go:86 token is not valable
[ERROR](2023-02-25 19:31:54) /home/dmitriy/go/pkg/mod/github.com/toorop/gin-logrus@v0.0.0-20210225092905-2c785434f26f/logger.go:72 Error #01: token is not valable

[ERROR](2023-02-25 19:32:31) /home/dmitriy/Документы/Документы/PortfolioToDO/delivery/rest_delivery/general.go:86 token is not valable
[ERROR](2023-02-25 19:32:31) /home/dmitriy/go/pkg/mod/github.com/toorop/gin-logrus@v0.0.0-20210225092905-2c785434f26f/logger.go:72 Error #01: token is not valable

[ERROR](2023-02-25 19:35:07) /home/dmitriy/Документы/Документы/PortfolioToDO/delivery/rest_delivery/general.go:86 sql: expected 5 destination arguments in Scan, not 4
[ERROR](2023-02-25 19:35:07) /home/dmitriy/go/pkg/mod/github.com/toorop/gin-logrus@v0.0.0-20210225092905-2c785434f26f/logger.go:72 Error #01: sql: expected 5 destination arguments in Scan, not 4

[ERROR](2023-02-25 20:05:02) /home/dmitriy/Документы/Документы/PortfolioToDO/delivery/rest_delivery/general.go:86 pq: отношение "users" не существует
[ERROR](2023-02-25 20:05:02) /home/dmitriy/go/pkg/mod/github.com/toorop/gin-logrus@v0.0.0-20210225092905-2c785434f26f/logger.go:72 Error #01: pq: отношение "users" не существует

[ERROR](2023-02-25 20:06:14) /home/dmitriy/Документы/Документы/PortfolioToDO/delivery/rest_delivery/general.go:86 token is not valable
[ERROR](2023-02-25 20:06:14) /home/dmitriy/go/pkg/mod/github.com/toorop/gin-logrus@v0.0.0-20210225092905-2c785434f26f/logger.go:72 Error #01: token is not valable

[ERROR](2023-02-25 20:08:42) /home/dmitriy/Документы/Документы/PortfolioToDO/delivery/rest_delivery/general.go:86 token is not valable
[ERROR](2023-02-25 20:08:42) /home/dmitriy/go/pkg/mod/github.com/toorop/gin-logrus@v0.0.0-20210225092905-2c785434f26f/logger.go:72 Error #01: token is not valable

[ERROR](2023-02-25 20:11:53) /home/dmitriy/Документы/Документы/PortfolioToDO/delivery/rest_delivery/general.go:86 token is not valable
[ERROR](2023-02-25 20:11:53) /home/dmitriy/go/pkg/mod/github.com/toorop/gin-logrus@v0.0.0-20210225092905-2c785434f26f/logger.go:72 Error #01: token is not valable

[ERROR](2023-02-25 20:14:32) /home/dmitriy/Документы/Документы/PortfolioToDO/delivery/rest_delivery/general.go:86 token is not valable
[ERROR](2023-02-25 20:14:32) /home/dmitriy/go/pkg/mod/github.com/toorop/gin-logrus@v0.0.0-20210225092905-2c785434f26f/logger.go:72 Error #01: token is not valable

[ERROR](2023-02-27 15:15:01) /home/dmitriy/Документы/Документы/PortfolioToDO/delivery/rest_delivery/general.go:86 pq: значение NULL в столбце "token" отношения "users" нарушает ограничение NOT NULL
[ERROR](2023-02-27 15:15:01) /home/dmitriy/go/pkg/mod/github.com/toorop/gin-logrus@v0.0.0-20210225092905-2c785434f26f/logger.go:72 Error #01: pq: значение NULL в столбце "token" отношения "users" нарушает ограничение NOT NULL

[ERROR](2023-02-27 15:17:06) /home/dmitriy/go/pkg/mod/github.com/toorop/gin-logrus@v0.0.0-20210225092905-2c785434f26f/logger.go:76 127.0.0.1 - dmitriy-20n4000brt [27/Feb/2023:15:17:06 +0300] "POST /user/user/verify" 500 0 "" "PostmanRuntime/7.30.1" (9ms)
[ERROR](2023-02-27 15:33:49) /home/dmitriy/go/pkg/mod/github.com/toorop/gin-logrus@v0.0.0-20210225092905-2c785434f26f/logger.go:76 127.0.0.1 - dmitriy-20n4000brt [27/Feb/2023:15:33:49 +0300] "POST /user/user/verify" 500 0 "" "PostmanRuntime/7.30.1" (13ms)
[ERROR](2023-02-27 15:35:28) /home/dmitriy/Документы/Документы/PortfolioToDO/delivery/rest_delivery/general.go:86 already exist
[ERROR](2023-02-27 15:35:28) /home/dmitriy/go/pkg/mod/github.com/toorop/gin-logrus@v0.0.0-20210225092905-2c785434f26f/logger.go:72 Error #01: already exist

